#
# There is insufficient memory for the Java Runtime Environment to continue.
# Native memory allocation (mmap) failed to map 134217728 bytes for Failed to commit area from 0x0000000081400000 to 0x0000000089400000 of length 134217728.
# Possible reasons:
#   The system is out of physical RAM or swap space
#   The process is running with CompressedOops enabled, and the Java Heap may be blocking the growth of the native heap
# Possible solutions:
#   Reduce memory load on the system
#   Increase physical memory or swap space
#   Check if swap backing store is full
#   Decrease Java heap size (-Xmx/-Xms)
#   Decrease number of Java threads
#   Decrease Java thread stack sizes (-Xss)
#   Set larger code cache with -XX:ReservedCodeCacheSize=
# This output file may be truncated or incomplete.
#
#  Out of Memory Error (t:/workspace/open/src/hotspot/os/windows/os_windows.cpp:3269), pid=19644, tid=2856
#
# JRE version:  (11.0.1+13) (build )
# Java VM: Java HotSpot(TM) 64-Bit Server VM (11.0.1+13-LTS, mixed mode, aot, sharing, tiered, compressed oops, g1 gc, windows-amd64)
# No core dump will be written. Minidumps are not enabled by default on client versions of Windows
#

---------------  S U M M A R Y ------------

Command Line: -Dfile.encoding=Cp1252 Login

Host: Intel(R) Core(TM) i3-7020U CPU @ 2.30GHz, 4 cores, 7G,  Windows 10 , 64 bit Build 18362 (10.0.18362.329)
Time: Sun Dec 22 13:58:56 2019 India Standard Time elapsed time: 0 seconds (0d 0h 0m 0s)

---------------  T H R E A D  ---------------

Current thread (0x00000191b538f800):  JavaThread "Unknown thread" [_thread_in_vm, id=2856, stack(0x0000000bd0d00000,0x0000000bd0e00000)]

Stack: [0x0000000bd0d00000,0x0000000bd0e00000]
Native frames: (J=compiled Java code, j=interpreted, Vv=VM code, C=native code)
V  [jvm.dll+0x63c21a]
V  [jvm.dll+0x7797df]
V  [jvm.dll+0x77adca]
V  [jvm.dll+0x77b483]
V  [jvm.dll+0x2627f8]
V  [jvm.dll+0x6396ca]
V  [jvm.dll+0x62dfa5]
V  [jvm.dll+0x31699c]
V  [jvm.dll+0x316822]
V  [jvm.dll+0x31c096]
V  [jvm.dll+0x36842f]
V  [jvm.dll+0x367e50]
V  [jvm.dll+0x2f38b8]
V  [jvm.dll+0x2f4a16]
V  [jvm.dll+0x752da7]
V  [jvm.dll+0x7544ef]
V  [jvm.dll+0x375269]
V  [jvm.dll+0x7394a9]
V  [jvm.dll+0x3e467d]
V  [jvm.dll+0x3e6951]
C  [javaw.exe+0x3613]
C  [javaw.exe+0x17e2c]
C  [KERNEL32.DLL+0x17bd4]
C  [ntdll.dll+0x6ced1]


---------------  P R O C E S S  ---------------

Threads class SMR info:
_java_thread_list=0x00000191b5291e70, length=0, elements={
}

Java Threads: ( => current thread )

Other Threads:
  0x00000191b53a6800 GCTaskThread "GC Thread#0" [stack: 0x0000000bd0e00000,0x0000000bd0f00000] [id=18344]
  0x00000191b53d7800 ConcurrentGCThread "G1 Main Marker" [stack: 0x0000000bd0f00000,0x0000000bd1000000] [id=19864]
  0x00000191b53db000 ConcurrentGCThread "G1 Conc#0" [stack: 0x0000000bd1000000,0x0000000bd1100000] [id=20384]

[error occurred during error reporting (printing all threads), id 0xc0000005, EXCEPTION_ACCESS_VIOLATION (0xc0000005) at pc=0x00007fff70302137]

VM state:not at safepoint (not fully initialized)

VM Mutex/Monitor currently owned by a thread:  ([mutex/lock_event])
[0x00000191b538eee0] Heap_lock - owner thread: 0x00000191b538f800

Heap address: 0x0000000081400000, size: 2028 MB, Compressed Oops mode: Non-zero based: 0x0000000081400000
Narrow klass base: 0x0000000000000000, Narrow klass shift: 0

GC Heap History (0 events):
No events

Deoptimization events (0 events):
No events

Classes redefined (0 events):
No events

Internal exceptions (0 events):
No events

Events (0 events):
No events


Dynamic libraries:
0x00007ff63bfb0000 - 0x00007ff63bff7000 	C:\Program Files\Java\jdk-11.0.1\bin\javaw.exe
0x00007fffaff20000 - 0x00007fffb0110000 	C:\WINDOWS\SYSTEM32\ntdll.dll
0x00007fffaf2b0000 - 0x00007fffaf362000 	C:\WINDOWS\System32\KERNEL32.DLL
0x00007fffadd20000 - 0x00007fffadfc3000 	C:\WINDOWS\System32\KERNELBASE.dll
0x00007fffaeaf0000 - 0x00007fffaeb93000 	C:\WINDOWS\System32\ADVAPI32.dll
0x00007fffaed50000 - 0x00007fffaedee000 	C:\WINDOWS\System32\msvcrt.dll
0x00007fffafbb0000 - 0x00007fffafc47000 	C:\WINDOWS\System32\sechost.dll
0x00007fffafd50000 - 0x00007fffafe70000 	C:\WINDOWS\System32\RPCRT4.dll
0x00007fffae2b0000 - 0x00007fffae444000 	C:\WINDOWS\System32\USER32.dll
0x00007fffacf10000 - 0x00007fffacf31000 	C:\WINDOWS\System32\win32u.dll
0x00007fffaf220000 - 0x00007fffaf246000 	C:\WINDOWS\System32\GDI32.dll
0x00007fffad060000 - 0x00007fffad1f4000 	C:\WINDOWS\System32\gdi32full.dll
0x00007fffacfc0000 - 0x00007fffad05e000 	C:\WINDOWS\System32\msvcp_win.dll
0x00007fffad450000 - 0x00007fffad54a000 	C:\WINDOWS\System32\ucrtbase.dll
0x00007fff96610000 - 0x00007fff96895000 	C:\WINDOWS\WinSxS\amd64_microsoft.windows.common-controls_6595b64144ccf1df_6.0.18362.535_none_e6c3b34713100821\COMCTL32.dll
0x00007fffaee10000 - 0x00007fffaf146000 	C:\WINDOWS\System32\combase.dll
0x00007fffacf40000 - 0x00007fffacfc0000 	C:\WINDOWS\System32\bcryptPrimitives.dll
0x00007fffa2970000 - 0x00007fffa297a000 	C:\WINDOWS\SYSTEM32\VERSION.dll
0x00007fffafd20000 - 0x00007fffafd4e000 	C:\WINDOWS\System32\IMM32.DLL
0x00007fffa1740000 - 0x00007fffa1756000 	C:\Program Files\Java\jdk-11.0.1\bin\vcruntime140.dll
0x00007fff90220000 - 0x00007fff902ca000 	C:\Program Files\Java\jdk-11.0.1\bin\msvcp140.dll
0x00007fff70000000 - 0x00007fff70b42000 	C:\Program Files\Java\jdk-11.0.1\bin\server\jvm.dll
0x00007fffae2a0000 - 0x00007fffae2a8000 	C:\WINDOWS\System32\PSAPI.DLL
0x00007fffa9620000 - 0x00007fffa9644000 	C:\WINDOWS\SYSTEM32\WINMM.dll
0x00007fff976d0000 - 0x00007fff976d9000 	C:\WINDOWS\SYSTEM32\WSOCK32.dll
0x00007fffafe70000 - 0x00007fffafedf000 	C:\WINDOWS\System32\WS2_32.dll
0x00007fffa95f0000 - 0x00007fffa961d000 	C:\WINDOWS\SYSTEM32\WINMMBASE.dll
0x00007fffad550000 - 0x00007fffad59a000 	C:\WINDOWS\System32\cfgmgr32.dll
0x00007ffface20000 - 0x00007ffface31000 	C:\WINDOWS\System32\kernel.appcore.dll
0x00007fff8eb20000 - 0x00007fff8eb31000 	C:\Program Files\Java\jdk-11.0.1\bin\verify.dll
0x00007fff9a650000 - 0x00007fff9a844000 	C:\WINDOWS\SYSTEM32\DBGHELP.DLL
0x00007fff995e0000 - 0x00007fff9960a000 	C:\WINDOWS\SYSTEM32\dbgcore.DLL
0x00007fff89a60000 - 0x00007fff89a89000 	C:\Program Files\Java\jdk-11.0.1\bin\java.dll
0x00007fff8e270000 - 0x00007fff8e286000 	C:\Program Files\Java\jdk-11.0.1\bin\zip.dll
0x00007fff96ad0000 - 0x00007fff96ada000 	C:\Program Files\Java\jdk-11.0.1\bin\jimage.dll

dbghelp: loaded successfully - version: 4.0.5 - missing functions: none
symbol engine: initialized successfully - sym options: 0x614 - pdb path: .;C:\Program Files\Java\jdk-11.0.1\bin;C:\WINDOWS\SYSTEM32;C:\WINDOWS\WinSxS\amd64_microsoft.windows.common-controls_6595b64144ccf1df_6.0.18362.535_none_e6c3b34713100821;C:\Program Files\Java\jdk-11.0.1\bin\server

VM Arguments:
jvm_args: -Dfile.encoding=Cp1252 
java_command: Login
java_class_path (initial): F:\Projects\online exams\Demo_UI\bin
Launcher Type: SUN_STANDARD

[Global flags]
     intx CICompilerCount                          = 3                                         {product} {ergonomic}
     uint ConcGCThreads                            = 1                                         {product} {ergonomic}
     uint G1ConcRefinementThreads                  = 4                                         {product} {ergonomic}
   size_t G1HeapRegionSize                         = 1048576                                   {product} {ergonomic}
    uintx GCDrainStackTargetSize                   = 64                                        {product} {ergonomic}
   size_t InitialHeapSize                          = 134217728                                 {product} {ergonomic}
   size_t MarkStackSize                            = 4194304                                   {product} {ergonomic}
   size_t MaxHeapSize                              = 2126512128                                {product} {ergonomic}
   size_t MinHeapDeltaBytes                        = 1048576                                   {product} {ergonomic}
    uintx NonNMethodCodeHeapSize                   = 5830092                                {pd product} {ergonomic}
    uintx NonProfiledCodeHeapSize                  = 122914074                              {pd product} {ergonomic}
    uintx ProfiledCodeHeapSize                     = 122914074                              {pd product} {ergonomic}
    uintx ReservedCodeCacheSize                    = 251658240                              {pd product} {ergonomic}
     bool SegmentedCodeCache                       = true                                      {product} {ergonomic}
     bool UseCompressedClassPointers               = true                                 {lp64_product} {ergonomic}
     bool UseCompressedOops                        = true                                 {lp64_product} {ergonomic}
     bool UseG1GC                                  = true                                      {product} {ergonomic}
     bool UseLargePagesIndividualAllocation        = false                                  {pd product} {ergonomic}

Logging:
Log output configuration:
 #0: stdout all=warning uptime,level,tags
 #1: stderr all=off uptime,level,tags

Environment Variables:
JAVA_HOME=C:\Program Files\Java\jdk-11.0.1
CLASSPATH=C:\Program Files\Java\mysql-connector-java-5.0.8-bin.jar;.;
PATH=C:/Program Files/Java/jdk-11.0.1/bin/server;C:/Program Files/Java/jdk-11.0.1/bin;C:\Python\Python37-32\Scripts\;C:\Python\Python37-32\;C:\WINDOWS\system32;C:\WINDOWS;C:\WINDOWS\System32\Wbem;C:\WINDOWS\System32\WindowsPowerShell\v1.0\;C:\WINDOWS\System32\OpenSSH\;C:\Program Files\Git\cmd;C:\xampp\php;C:\ProgramData\ComposerSetup\bin;C:\Program Files\Java\jdk-11.0.1\bin;C:\Program Files\dotnet\;C:\Program Files\nodejs\;C:\Program Files\MySQL\MySQL Shell 8.0\bin\;C:\Program Files\Java\jdk-11.0.1\bin;C:\Users\sai\AppData\Local\Programs\Microsoft VS Code\bin;C:\Users\sai\.dotnet\tools;C:\Users\sai\AppData\Local\atom\bin;C:\Users\sai\AppData\Roaming\npm;C:\Users\sai\AppData\Local\GitHubDesktop\bin;C:\Users\sai\Desktop;
USERNAME=sai
OS=Windows_NT
PROCESSOR_IDENTIFIER=Intel64 Family 6 Model 142 Stepping 9, GenuineIntel



---------------  S Y S T E M  ---------------

OS: Windows 10 , 64 bit Build 18362 (10.0.18362.329)

CPU:total 4 (initial active 4) (2 cores per cpu, 2 threads per core) family 6 model 142 stepping 9, cmov, cx8, fxsr, mmx, sse, sse2, sse3, ssse3, sse4.1, sse4.2, popcnt, avx, avx2, aes, clmul, erms, 3dnowpref, lzcnt, ht, tsc, tscinvbit, bmi1, bmi2, adx, fma

Memory: 4k page, system-wide physical 8107M (3238M free)
TotalPageFile size 20534M (AvailPageFile size 48M)
current process WorkingSet (physical memory assigned to process): 9M, peak: 9M
current process commit charge ("private bytes"): 51M, peak: 179M

vm_info: Java HotSpot(TM) 64-Bit Server VM (11.0.1+13-LTS) for windows-amd64 JRE (11.0.1+13-LTS), built on Oct  6 2018 13:20:16 by "mach5one" with MS VC++ 15.5 (VS2017)

END.
